<?xml version="1.0" encoding="UTF-8"?>
<!-- Generated by org.testng.reporters.JUnitXMLReporter -->
<testsuite ignored="6" hostname="CHNRENTRAJESH" failures="0" tests="1" name="Test(failed)(failed)(failed)(failed)(failed)(failed)" time="13.904" errors="0" timestamp="2022-08-25T00:25:18 IST">
  <testcase classname="moduleScript.SamplesTabTest" name="searchSubstanceSamples" time="11.155"/>
  <testcase classname="moduleScript.SamplesTabTest" name="searchSamples" time="0.0">
    <ignored/>
  </testcase> <!-- searchSamples -->
  <testcase classname="moduleScript.SamplesTabTest" name="DTV4_4430" time="0.0">
    <ignored/>
  </testcase> <!-- DTV4_4430 -->
  <testcase classname="moduleScript.SamplesTabTest" name="sort" time="0.0">
    <ignored/>
  </testcase> <!-- sort -->
  <testcase classname="moduleScript.SamplesTabTest" name="verifyLanding" time="0.0">
    <ignored/>
  </testcase> <!-- verifyLanding -->
  <testcase classname="moduleScript.SamplesTabTest" name="filter" time="0.0">
    <ignored/>
  </testcase> <!-- filter -->
  <testcase classname="moduleScript.SamplesTabTest" name="DTV4_2788" time="0.0">
    <ignored/>
  </testcase> <!-- DTV4_2788 -->
</testsuite> <!-- Test(failed)(failed)(failed)(failed)(failed)(failed) -->
