<?xml version="1.0" encoding="UTF-8"?>
<!-- Generated by org.testng.reporters.JUnitXMLReporter -->
<testsuite ignored="23" hostname="CHNRENTRAJESH" failures="1" tests="6" name="Test(failed)(failed)" time="240.771" errors="0" timestamp="2022-10-07T03:20:51 IST">
  <testcase classname="moduleScript.TestCasesTest" name="filter" time="12.719"/>
  <testcase classname="moduleScript.TestCasesTest" name="DTV4_151" time="11.496"/>
  <testcase classname="moduleScript.TestCasesTest" name="DTV4_154" time="17.02"/>
  <testcase classname="moduleScript.TestCasesTest" name="DTV4_174" time="11.97"/>
  <testcase classname="moduleScript.EntitiesTest" name="sortTestHistory" time="17.821">
    <failure type="java.lang.AssertionError" message="expected [false] but found [true]">
      <![CDATA[java.lang.AssertionError: expected [false] but found [true]
at moduleScript.EntitiesTest.sortTestHistory(EntitiesTest.java:216)
at java.base/java.util.ArrayList.forEach(ArrayList.java:1511)
... Removed 33 stack frames]]>
    </failure>
  </testcase> <!-- sortTestHistory -->
  <testcase classname="moduleScript.EntitiesTest" name="DTV4_570" time="151.582"/>
  <testcase classname="moduleScript.TestCasesTest" name="verifyLanding" time="0.0">
    <ignored/>
  </testcase> <!-- verifyLanding -->
  <testcase classname="moduleScript.EntitiesTest" name="verifyLanding" time="0.0">
    <ignored/>
  </testcase> <!-- verifyLanding -->
  <testcase classname="DTSBase.BaseClass" name="@BeforeTest init" time="0.0">
    <ignored/>
  </testcase> <!-- @BeforeTest init -->
  <testcase classname="moduleScript.EntitiesTest" name="DTV4_4083" time="0.0">
    <ignored/>
  </testcase> <!-- DTV4_4083 -->
  <testcase classname="moduleScript.EntitiesTest" name="DTV4_4086" time="0.0">
    <ignored/>
  </testcase> <!-- DTV4_4086 -->
  <testcase classname="moduleScript.EntitiesTest" name="DTV4_4430" time="0.0">
    <ignored/>
  </testcase> <!-- DTV4_4430 -->
  <testcase classname="moduleScript.EntitiesTest" name="searchTestHistory" time="0.0">
    <ignored/>
  </testcase> <!-- searchTestHistory -->
  <testcase classname="moduleScript.TestCasesTest" name="createTestcase" time="0.0">
    <ignored/>
  </testcase> <!-- createTestcase -->
  <testcase classname="moduleScript.EntitiesTest" name="search" time="0.0">
    <ignored/>
  </testcase> <!-- search -->
  <testcase classname="moduleScript.EntitiesTest" name="DTV4_4082" time="0.0">
    <ignored/>
  </testcase> <!-- DTV4_4082 -->
  <testcase classname="moduleScript.EntitiesTest" name="DTV4_209" time="0.0">
    <ignored/>
  </testcase> <!-- DTV4_209 -->
  <testcase classname="moduleScript.EntitiesTest" name="entitytoResult" time="0.0">
    <ignored/>
  </testcase> <!-- entitytoResult -->
  <testcase classname="DTSBase.BaseClass" name="@AfterTest tearDown" time="0.0">
    <ignored/>
  </testcase> <!-- @AfterTest tearDown -->
  <testcase classname="moduleScript.EntitiesTest" name="filterTestHistory" time="0.0">
    <ignored/>
  </testcase> <!-- filterTestHistory -->
  <testcase classname="moduleScript.EntitiesTest" name="resultsExport" time="0.0">
    <ignored/>
  </testcase> <!-- resultsExport -->
  <testcase classname="moduleScript.EntitiesTest" name="filterEntities" time="0.0">
    <ignored/>
  </testcase> <!-- filterEntities -->
  <testcase classname="moduleScript.TestCasesTest" name="createWithoutFillingMandatoryFields" time="0.0">
    <ignored/>
  </testcase> <!-- createWithoutFillingMandatoryFields -->
  <testcase classname="moduleScript.TestCasesTest" name="sort" time="0.0">
    <ignored/>
  </testcase> <!-- sort -->
  <testcase classname="moduleScript.EntitiesTest" name="sort" time="0.0">
    <ignored/>
  </testcase> <!-- sort -->
  <testcase classname="moduleScript.EntitiesTest" name="createFinding" time="0.0">
    <ignored/>
  </testcase> <!-- createFinding -->
  <testcase classname="moduleScript.EntitiesTest" name="DTV4_57" time="0.0">
    <ignored/>
  </testcase> <!-- DTV4_57 -->
  <testcase classname="moduleScript.EntitiesTest" name="DTV4_442" time="0.0">
    <ignored/>
  </testcase> <!-- DTV4_442 -->
  <testcase classname="moduleScript.EntitiesTest" name="searchAuditLog" time="0.0">
    <ignored/>
  </testcase> <!-- searchAuditLog -->
</testsuite> <!-- Test(failed)(failed) -->
