<?xml version="1.0" encoding="UTF-8"?>
<!-- Generated by org.testng.reporters.JUnitXMLReporter -->
<testsuite ignored="6" hostname="CHNRENTRAJESH" failures="0" tests="14" name="ChromeTest" time="0.431" errors="0" timestamp="2022-05-31T14:43:36 IST">
  <testcase classname="DTSBase.BaseClass" name="@BeforeTest init" time="0.0">
    <failure type="java.lang.Exception" message="Browser is not correct">
      <![CDATA[java.lang.Exception: Browser is not correct
at DTSBase.BaseClass.init(BaseClass.java:63)
... Removed 24 stack frames]]>
    </failure>
  </testcase> <!-- @BeforeTest init -->
  <testcase classname="moduleScript.LoginTest" name="@AfterMethod takeScreenShotOnFailures" time="-1.65398841582E9">
    <skipped/>
  </testcase> <!-- @AfterMethod takeScreenShotOnFailures -->
  <testcase classname="moduleScript.LoginTest" name="@AfterMethod takeScreenShotOnFailures" time="-1.653988415852E9">
    <skipped/>
  </testcase> <!-- @AfterMethod takeScreenShotOnFailures -->
  <testcase classname="moduleScript.LoginTest" name="@AfterMethod takeScreenShotOnFailures" time="-1.653988415879E9">
    <skipped/>
  </testcase> <!-- @AfterMethod takeScreenShotOnFailures -->
  <testcase classname="moduleScript.LoginTest" name="@AfterMethod takeScreenShotOnFailures" time="-1.653988415908E9">
    <skipped/>
  </testcase> <!-- @AfterMethod takeScreenShotOnFailures -->
  <testcase classname="DTSBase.BaseClass" name="@AfterMethod takeScreenShotOnFailures" time="-1.653988415944E9">
    <skipped/>
  </testcase> <!-- @AfterMethod takeScreenShotOnFailures -->
  <testcase classname="DTSBase.BaseClass" name="@AfterMethod takeScreenShotOnFailures" time="-1.653988415977E9">
    <skipped/>
  </testcase> <!-- @AfterMethod takeScreenShotOnFailures -->
  <testcase classname="DTSBase.BaseClass" name="@AfterMethod takeScreenShotOnFailures" time="-1.653988416003E9">
    <skipped/>
  </testcase> <!-- @AfterMethod takeScreenShotOnFailures -->
  <testcase classname="DTSBase.BaseClass" name="@AfterMethod takeScreenShotOnFailures" time="-1.653988416041E9">
    <skipped/>
  </testcase> <!-- @AfterMethod takeScreenShotOnFailures -->
  <testcase classname="DTSBase.BaseClass" name="@AfterMethod takeScreenShotOnFailures" time="-1.653988416064E9">
    <skipped/>
  </testcase> <!-- @AfterMethod takeScreenShotOnFailures -->
  <testcase classname="DTSBase.BaseClass" name="@AfterMethod takeScreenShotOnFailures" time="-1.653988416087E9">
    <skipped/>
  </testcase> <!-- @AfterMethod takeScreenShotOnFailures -->
  <testcase classname="DTSBase.BaseClass" name="@AfterMethod takeScreenShotOnFailures" time="-1.653988416125E9">
    <skipped/>
  </testcase> <!-- @AfterMethod takeScreenShotOnFailures -->
  <testcase classname="DTSBase.BaseClass" name="@AfterMethod takeScreenShotOnFailures" time="-1.65398841616E9">
    <skipped/>
  </testcase> <!-- @AfterMethod takeScreenShotOnFailures -->
  <testcase classname="DTSBase.BaseClass" name="@AfterMethod takeScreenShotOnFailures" time="-1.653988416183E9">
    <skipped/>
  </testcase> <!-- @AfterMethod takeScreenShotOnFailures -->
  <testcase classname="DTSBase.BaseClass" name="@AfterMethod takeScreenShotOnFailures" time="-1.653988416201E9">
    <skipped/>
  </testcase> <!-- @AfterMethod takeScreenShotOnFailures -->
  <testcase classname="moduleScript.LoginTest" name="@AfterTest tearDown" time="-1.653988416204E9">
    <skipped/>
  </testcase> <!-- @AfterTest tearDown -->
  <testcase classname="moduleScript.LoginTest" name="login_DTS" time="0.0">
    <skipped/>
  </testcase> <!-- login_DTS -->
  <testcase classname="moduleScript.LoginTest" name="login_InvalidUserName" time="0.0">
    <skipped/>
  </testcase> <!-- login_InvalidUserName -->
  <testcase classname="moduleScript.LoginTest" name="login_InvalidPassword" time="0.0">
    <skipped/>
  </testcase> <!-- login_InvalidPassword -->
  <testcase classname="moduleScript.LoginTest" name="login_InvalidUSerName_InvalidPassword" time="0.0">
    <skipped/>
  </testcase> <!-- login_InvalidUSerName_InvalidPassword -->
  <testcase classname="moduleScript.SubstanceTest" name="addSubstanceswithValidData" time="0.0">
    <skipped/>
  </testcase> <!-- addSubstanceswithValidData -->
  <testcase classname="moduleScript.SubstanceTest" name="addSubstancesWithoutMandatoryFields" time="0.0">
    <skipped/>
  </testcase> <!-- addSubstancesWithoutMandatoryFields -->
  <testcase classname="moduleScript.SubstanceTest" name="sort" time="0.0">
    <skipped/>
  </testcase> <!-- sort -->
  <testcase classname="moduleScript.SubstanceTest" name="filter" time="0.0">
    <skipped/>
  </testcase> <!-- filter -->
  <testcase classname="moduleScript.SubstanceTest" name="statusChange" time="0.0">
    <skipped/>
  </testcase> <!-- statusChange -->
  <testcase classname="moduleScript.SubstanceTest" name="addThresHold" time="0.0">
    <skipped/>
  </testcase> <!-- addThresHold -->
  <testcase classname="moduleScript.SubstanceTest" name="addThresHoldwithoutFillingMandatoryFields" time="0.0">
    <skipped/>
  </testcase> <!-- addThresHoldwithoutFillingMandatoryFields -->
  <testcase classname="moduleScript.SubstanceTest" name="verifyLanding" time="0.0">
    <skipped/>
  </testcase> <!-- verifyLanding -->
  <testcase classname="moduleScript.SubstanceTest" name="DTV4_442" time="0.0">
    <skipped/>
  </testcase> <!-- DTV4_442 -->
  <testcase classname="moduleScript.SubstanceTest" name="editSubstance" time="0.0">
    <skipped/>
  </testcase> <!-- editSubstance -->
  <testcase classname="moduleScript.LoginTest" name="@BeforeTest init" time="0.0">
    <ignored/>
  </testcase> <!-- @BeforeTest init -->
  <testcase classname="DTSBase.BaseClass" name="@BeforeTest init" time="0.0">
    <ignored/>
  </testcase> <!-- @BeforeTest init -->
  <testcase classname="moduleScript.LoginTest" name="microsoft_Login_InvalidPassword" time="0.0">
    <ignored/>
  </testcase> <!-- microsoft_Login_InvalidPassword -->
  <testcase classname="moduleScript.LoginTest" name="microsoft_Login_InvalidUserName" time="0.0">
    <ignored/>
  </testcase> <!-- microsoft_Login_InvalidUserName -->
  <testcase classname="moduleScript.LoginTest" name="microsoftLogin" time="0.0">
    <ignored/>
  </testcase> <!-- microsoftLogin -->
  <testcase classname="DTSBase.BaseClass" name="@AfterTest tearDown" time="0.0">
    <ignored/>
  </testcase> <!-- @AfterTest tearDown -->
</testsuite> <!-- ChromeTest -->
