<?xml version="1.0" encoding="UTF-8"?>
<!-- Generated by org.testng.reporters.JUnitXMLReporter -->
<testsuite ignored="8" hostname="CHNRENTRAJESH" failures="0" tests="8" name="EdgeTest" time="101.302" errors="0" timestamp="2022-05-31T17:31:02 IST">
  <testcase classname="moduleScript.LoginTest" name="login_DTS" time="6.339"/>
  <testcase classname="moduleScript.GroupsTest" name="verifyLanding" time="3.561"/>
  <testcase classname="moduleScript.GroupsTest" name="addSubGroup" time="11.019"/>
  <testcase classname="moduleScript.GroupsTest" name="filter" time="7.91"/>
  <testcase classname="moduleScript.GroupsTest" name="sort" time="8.654"/>
  <testcase classname="moduleScript.GroupsTest" name="statusChange" time="12.98"/>
  <testcase classname="moduleScript.GroupsTest" name="createWithoutFillingMandatoryFields" time="6.342"/>
  <testcase classname="moduleScript.GroupsTest" name="editSubGroup" time="13.667"/>
  <testcase classname="DTSBase.BaseClass" name="@BeforeTest init" time="0.0">
    <ignored/>
  </testcase> <!-- @BeforeTest init -->
  <testcase classname="moduleScript.LoginTest" name="login_InvalidUserName" time="0.0">
    <ignored/>
  </testcase> <!-- login_InvalidUserName -->
  <testcase classname="moduleScript.LoginTest" name="microsoft_Login_InvalidPassword" time="0.0">
    <ignored/>
  </testcase> <!-- microsoft_Login_InvalidPassword -->
  <testcase classname="moduleScript.LoginTest" name="login_InvalidPassword" time="0.0">
    <ignored/>
  </testcase> <!-- login_InvalidPassword -->
  <testcase classname="moduleScript.LoginTest" name="microsoft_Login_InvalidUserName" time="0.0">
    <ignored/>
  </testcase> <!-- microsoft_Login_InvalidUserName -->
  <testcase classname="moduleScript.LoginTest" name="microsoftLogin" time="0.0">
    <ignored/>
  </testcase> <!-- microsoftLogin -->
  <testcase classname="moduleScript.LoginTest" name="login_InvalidUSerName_InvalidPassword" time="0.0">
    <ignored/>
  </testcase> <!-- login_InvalidUSerName_InvalidPassword -->
  <testcase classname="DTSBase.BaseClass" name="@AfterTest tearDown" time="0.0">
    <ignored/>
  </testcase> <!-- @AfterTest tearDown -->
</testsuite> <!-- EdgeTest -->
