<?xml version="1.0" encoding="UTF-8"?>
<!-- Generated by org.testng.reporters.JUnitXMLReporter -->
<testsuite ignored="6" hostname="CHNRENTRAJESH" failures="0" tests="14" name="FirefoxTest" time="1.696" errors="0" timestamp="2022-05-31T14:43:35 IST">
  <testcase classname="DTSBase.BaseClass" name="@BeforeTest init" time="0.013">
    <failure type="java.lang.Exception" message="Browser is not correct">
      <![CDATA[java.lang.Exception: Browser is not correct
at DTSBase.BaseClass.init(BaseClass.java:63)
... Removed 24 stack frames]]>
    </failure>
  </testcase> <!-- @BeforeTest init -->
  <testcase classname="moduleScript.LoginTest" name="@AfterMethod takeScreenShotOnFailures" time="-1.653988414564E9">
    <skipped/>
  </testcase> <!-- @AfterMethod takeScreenShotOnFailures -->
  <testcase classname="moduleScript.LoginTest" name="@AfterMethod takeScreenShotOnFailures" time="-1.653988414624E9">
    <skipped/>
  </testcase> <!-- @AfterMethod takeScreenShotOnFailures -->
  <testcase classname="moduleScript.LoginTest" name="@AfterMethod takeScreenShotOnFailures" time="-1.653988414668E9">
    <skipped/>
  </testcase> <!-- @AfterMethod takeScreenShotOnFailures -->
  <testcase classname="moduleScript.LoginTest" name="@AfterMethod takeScreenShotOnFailures" time="-1.653988414717E9">
    <skipped/>
  </testcase> <!-- @AfterMethod takeScreenShotOnFailures -->
  <testcase classname="DTSBase.BaseClass" name="@AfterMethod takeScreenShotOnFailures" time="-1.653988414757E9">
    <skipped/>
  </testcase> <!-- @AfterMethod takeScreenShotOnFailures -->
  <testcase classname="DTSBase.BaseClass" name="@AfterMethod takeScreenShotOnFailures" time="-1.653988414794E9">
    <skipped/>
  </testcase> <!-- @AfterMethod takeScreenShotOnFailures -->
  <testcase classname="DTSBase.BaseClass" name="@AfterMethod takeScreenShotOnFailures" time="-1.653988414862E9">
    <skipped/>
  </testcase> <!-- @AfterMethod takeScreenShotOnFailures -->
  <testcase classname="DTSBase.BaseClass" name="@AfterMethod takeScreenShotOnFailures" time="-1.653988414946E9">
    <skipped/>
  </testcase> <!-- @AfterMethod takeScreenShotOnFailures -->
  <testcase classname="DTSBase.BaseClass" name="@AfterMethod takeScreenShotOnFailures" time="-1.653988415093E9">
    <skipped/>
  </testcase> <!-- @AfterMethod takeScreenShotOnFailures -->
  <testcase classname="DTSBase.BaseClass" name="@AfterMethod takeScreenShotOnFailures" time="-1.653988415213E9">
    <skipped/>
  </testcase> <!-- @AfterMethod takeScreenShotOnFailures -->
  <testcase classname="DTSBase.BaseClass" name="@AfterMethod takeScreenShotOnFailures" time="-1.653988415313E9">
    <skipped/>
  </testcase> <!-- @AfterMethod takeScreenShotOnFailures -->
  <testcase classname="DTSBase.BaseClass" name="@AfterMethod takeScreenShotOnFailures" time="-1.653988415369E9">
    <skipped/>
  </testcase> <!-- @AfterMethod takeScreenShotOnFailures -->
  <testcase classname="DTSBase.BaseClass" name="@AfterMethod takeScreenShotOnFailures" time="-1.653988415398E9">
    <skipped/>
  </testcase> <!-- @AfterMethod takeScreenShotOnFailures -->
  <testcase classname="DTSBase.BaseClass" name="@AfterMethod takeScreenShotOnFailures" time="-1.653988415449E9">
    <skipped/>
  </testcase> <!-- @AfterMethod takeScreenShotOnFailures -->
  <testcase classname="moduleScript.LoginTest" name="@AfterTest tearDown" time="-1.653988415458E9">
    <skipped/>
  </testcase> <!-- @AfterTest tearDown -->
  <testcase classname="moduleScript.LoginTest" name="login_DTS" time="0.0">
    <skipped/>
  </testcase> <!-- login_DTS -->
  <testcase classname="moduleScript.LoginTest" name="login_InvalidUserName" time="0.0">
    <skipped/>
  </testcase> <!-- login_InvalidUserName -->
  <testcase classname="moduleScript.LoginTest" name="login_InvalidPassword" time="0.0">
    <skipped/>
  </testcase> <!-- login_InvalidPassword -->
  <testcase classname="moduleScript.LoginTest" name="login_InvalidUSerName_InvalidPassword" time="0.0">
    <skipped/>
  </testcase> <!-- login_InvalidUSerName_InvalidPassword -->
  <testcase classname="moduleScript.SubstanceTest" name="addSubstanceswithValidData" time="0.0">
    <skipped/>
  </testcase> <!-- addSubstanceswithValidData -->
  <testcase classname="moduleScript.SubstanceTest" name="addSubstancesWithoutMandatoryFields" time="0.0">
    <skipped/>
  </testcase> <!-- addSubstancesWithoutMandatoryFields -->
  <testcase classname="moduleScript.SubstanceTest" name="sort" time="0.0">
    <skipped/>
  </testcase> <!-- sort -->
  <testcase classname="moduleScript.SubstanceTest" name="filter" time="0.0">
    <skipped/>
  </testcase> <!-- filter -->
  <testcase classname="moduleScript.SubstanceTest" name="statusChange" time="0.0">
    <skipped/>
  </testcase> <!-- statusChange -->
  <testcase classname="moduleScript.SubstanceTest" name="addThresHold" time="0.0">
    <skipped/>
  </testcase> <!-- addThresHold -->
  <testcase classname="moduleScript.SubstanceTest" name="addThresHoldwithoutFillingMandatoryFields" time="0.0">
    <skipped/>
  </testcase> <!-- addThresHoldwithoutFillingMandatoryFields -->
  <testcase classname="moduleScript.SubstanceTest" name="verifyLanding" time="0.0">
    <skipped/>
  </testcase> <!-- verifyLanding -->
  <testcase classname="moduleScript.SubstanceTest" name="DTV4_442" time="0.0">
    <skipped/>
  </testcase> <!-- DTV4_442 -->
  <testcase classname="moduleScript.SubstanceTest" name="editSubstance" time="0.0">
    <skipped/>
  </testcase> <!-- editSubstance -->
  <testcase classname="moduleScript.LoginTest" name="@BeforeTest init" time="0.0">
    <ignored/>
  </testcase> <!-- @BeforeTest init -->
  <testcase classname="DTSBase.BaseClass" name="@BeforeTest init" time="0.0">
    <ignored/>
  </testcase> <!-- @BeforeTest init -->
  <testcase classname="moduleScript.LoginTest" name="microsoft_Login_InvalidPassword" time="0.0">
    <ignored/>
  </testcase> <!-- microsoft_Login_InvalidPassword -->
  <testcase classname="moduleScript.LoginTest" name="microsoft_Login_InvalidUserName" time="0.0">
    <ignored/>
  </testcase> <!-- microsoft_Login_InvalidUserName -->
  <testcase classname="moduleScript.LoginTest" name="microsoftLogin" time="0.0">
    <ignored/>
  </testcase> <!-- microsoftLogin -->
  <testcase classname="DTSBase.BaseClass" name="@AfterTest tearDown" time="0.0">
    <ignored/>
  </testcase> <!-- @AfterTest tearDown -->
</testsuite> <!-- FirefoxTest -->
