<?xml version="1.0" encoding="UTF-8"?>
<!-- Generated by org.testng.reporters.JUnitXMLReporter -->
<testsuite hostname="CHN35B5YQ2" ignored="0" name="Parallel Tests" tests="7" failures="0" timestamp="29 Mar 2022 07:22:01 GMT" time="59.413" errors="0">
  <testcase name="login_DTS" time="11.755" classname="moduleScript.LoginTest"/>
  <testcase name="login_InvalidUserName" time="9.336" classname="moduleScript.LoginTest"/>
  <testcase name="login_InvalidPassword" time="9.465" classname="moduleScript.LoginTest"/>
  <testcase name="login_InvalidUSerName_InvalidPassword" time="4.652" classname="moduleScript.LoginTest"/>
  <testcase name="microsoft_Login_InvalidPassword" time="7.943" classname="moduleScript.LoginTest"/>
  <testcase name="microsoft_Login_InvalidUserName" time="3.545" classname="moduleScript.LoginTest"/>
  <testcase name="microsoftLogin" time="9.992" classname="moduleScript.LoginTest"/>
</testsuite> <!-- Parallel Tests -->
