<?xml version="1.0" encoding="UTF-8"?>
<!-- Generated by org.testng.reporters.JUnitXMLReporter -->
<testsuite ignored="17" hostname="CHNRENTRAJESH" failures="0" tests="2" name="Tests" time="27.78" errors="0" timestamp="2022-06-03T01:00:58 IST">
  <testcase classname="moduleScript.LoginTest" name="login_DTS" time="6.289"/>
  <testcase classname="moduleScript.SubstanceTest" name="addSubstanceswithValidData" time="15.514"/>
  <testcase classname="DTSBase.BaseClass" name="@BeforeTest init" time="0.0">
    <ignored/>
  </testcase> <!-- @BeforeTest init -->
  <testcase classname="moduleScript.SubstanceTest" name="editSubstance" time="0.0">
    <ignored/>
  </testcase> <!-- editSubstance -->
  <testcase classname="moduleScript.SubstanceTest" name="addThresHold" time="0.0">
    <ignored/>
  </testcase> <!-- addThresHold -->
  <testcase classname="moduleScript.LoginTest" name="microsoft_Login_InvalidPassword" time="0.0">
    <ignored/>
  </testcase> <!-- microsoft_Login_InvalidPassword -->
  <testcase classname="moduleScript.SubstanceTest" name="filter" time="0.0">
    <ignored/>
  </testcase> <!-- filter -->
  <testcase classname="moduleScript.LoginTest" name="login_InvalidPassword" time="0.0">
    <ignored/>
  </testcase> <!-- login_InvalidPassword -->
  <testcase classname="moduleScript.SubstanceTest" name="statusChange" time="0.0">
    <ignored/>
  </testcase> <!-- statusChange -->
  <testcase classname="moduleScript.SubstanceTest" name="verifyLanding" time="0.0">
    <ignored/>
  </testcase> <!-- verifyLanding -->
  <testcase classname="moduleScript.LoginTest" name="microsoftLogin" time="0.0">
    <ignored/>
  </testcase> <!-- microsoftLogin -->
  <testcase classname="DTSBase.BaseClass" name="@AfterTest tearDown" time="0.0">
    <ignored/>
  </testcase> <!-- @AfterTest tearDown -->
  <testcase classname="moduleScript.LoginTest" name="login_InvalidUserName" time="0.0">
    <ignored/>
  </testcase> <!-- login_InvalidUserName -->
  <testcase classname="moduleScript.SubstanceTest" name="addThresHoldwithoutFillingMandatoryFields" time="0.0">
    <ignored/>
  </testcase> <!-- addThresHoldwithoutFillingMandatoryFields -->
  <testcase classname="moduleScript.SubstanceTest" name="DTV4_442" time="0.0">
    <ignored/>
  </testcase> <!-- DTV4_442 -->
  <testcase classname="moduleScript.SubstanceTest" name="sort" time="0.0">
    <ignored/>
  </testcase> <!-- sort -->
  <testcase classname="moduleScript.SubstanceTest" name="addSubstancesWithoutMandatoryFields" time="0.0">
    <ignored/>
  </testcase> <!-- addSubstancesWithoutMandatoryFields -->
  <testcase classname="moduleScript.LoginTest" name="microsoft_Login_InvalidUserName" time="0.0">
    <ignored/>
  </testcase> <!-- microsoft_Login_InvalidUserName -->
  <testcase classname="moduleScript.LoginTest" name="login_InvalidUSerName_InvalidPassword" time="0.0">
    <ignored/>
  </testcase> <!-- login_InvalidUSerName_InvalidPassword -->
</testsuite> <!-- Tests -->
