<?xml version="1.0" encoding="UTF-8"?>
<!-- Generated by org.testng.reporters.JUnitXMLReporter -->
<testsuite hostname="KOQARAJESHSU" name="Loan" tests="1" failures="1" timestamp="27 Oct 2021 13:24:40 GMT" time="1.503" errors="0">
  <testcase name="login_DTS" time="0.063" classname="moduleScript.LoginTest">
    <failure type="java.lang.NullPointerException">
      <![CDATA[java.lang.NullPointerException
	at pageFactory.LoginPage.login_DTS(LoginPage.java:65)
	at moduleScript.LoginTest.login_DTS(LoginTest.java:56)
... Removed 24 stack frames]]>
    </failure>
  </testcase> <!-- login_DTS -->
</testsuite> <!-- Loan -->
