<?xml version="1.0" encoding="UTF-8"?>
<!-- Generated by org.testng.reporters.JUnitXMLReporter -->
<testsuite ignored="8" hostname="CHNRENTRAJESH" failures="0" tests="2" name="ChromeTest(failed)" time="103.112" errors="0" timestamp="2022-05-31T13:31:28 IST">
  <testcase classname="moduleScript.SubstanceTest" name="addSubstanceswithValidData" time="32.305"/>
  <testcase classname="moduleScript.SubstanceTest" name="addThresHold" time="61.751"/>
  <testcase classname="moduleScript.SubstanceTest" name="editSubstance" time="0.0">
    <ignored/>
  </testcase> <!-- editSubstance -->
  <testcase classname="moduleScript.SubstanceTest" name="addThresHoldwithoutFillingMandatoryFields" time="0.0">
    <ignored/>
  </testcase> <!-- addThresHoldwithoutFillingMandatoryFields -->
  <testcase classname="moduleScript.SubstanceTest" name="filter" time="0.0">
    <ignored/>
  </testcase> <!-- filter -->
  <testcase classname="moduleScript.SubstanceTest" name="DTV4_442" time="0.0">
    <ignored/>
  </testcase> <!-- DTV4_442 -->
  <testcase classname="moduleScript.SubstanceTest" name="statusChange" time="0.0">
    <ignored/>
  </testcase> <!-- statusChange -->
  <testcase classname="moduleScript.SubstanceTest" name="sort" time="0.0">
    <ignored/>
  </testcase> <!-- sort -->
  <testcase classname="moduleScript.SubstanceTest" name="addSubstancesWithoutMandatoryFields" time="0.0">
    <ignored/>
  </testcase> <!-- addSubstancesWithoutMandatoryFields -->
  <testcase classname="moduleScript.SubstanceTest" name="verifyLanding" time="0.0">
    <ignored/>
  </testcase> <!-- verifyLanding -->
</testsuite> <!-- ChromeTest(failed) -->
