<?xml version="1.0" encoding="UTF-8"?>
<!-- Generated by org.testng.reporters.JUnitXMLReporter -->
<testsuite ignored="7" hostname="CHNRENTRAJESH" failures="0" tests="1" name="EdgeTest(failed)" time="9.826" errors="0" timestamp="2022-05-31T13:31:38 IST">
  <testcase classname="moduleScript.LoginTest" name="login_InvalidUSerName_InvalidPassword" time="6.318"/>
  <testcase classname="moduleScript.LoginTest" name="@BeforeTest init" time="0.0">
    <ignored/>
  </testcase> <!-- @BeforeTest init -->
  <testcase classname="moduleScript.LoginTest" name="login_DTS" time="0.0">
    <ignored/>
  </testcase> <!-- login_DTS -->
  <testcase classname="moduleScript.LoginTest" name="login_InvalidUserName" time="0.0">
    <ignored/>
  </testcase> <!-- login_InvalidUserName -->
  <testcase classname="moduleScript.LoginTest" name="microsoft_Login_InvalidPassword" time="0.0">
    <ignored/>
  </testcase> <!-- microsoft_Login_InvalidPassword -->
  <testcase classname="moduleScript.LoginTest" name="login_InvalidPassword" time="0.0">
    <ignored/>
  </testcase> <!-- login_InvalidPassword -->
  <testcase classname="moduleScript.LoginTest" name="microsoft_Login_InvalidUserName" time="0.0">
    <ignored/>
  </testcase> <!-- microsoft_Login_InvalidUserName -->
  <testcase classname="moduleScript.LoginTest" name="microsoftLogin" time="0.0">
    <ignored/>
  </testcase> <!-- microsoftLogin -->
</testsuite> <!-- EdgeTest(failed) -->
