<?xml version="1.0" encoding="UTF-8"?>
<!-- Generated by org.testng.reporters.JUnitXMLReporter -->
<testsuite ignored="7" hostname="CHNRENTRAJESH" failures="2" tests="3" name="FirefoxTest(failed)" time="275.053" errors="0" timestamp="2022-05-31T13:29:44 IST">
  <testcase classname="moduleScript.SubstanceTest" name="statusChange" time="34.529"/>
  <testcase classname="moduleScript.SubstanceTest" name="addThresHold" time="70.592">
    <failure type="org.openqa.selenium.ElementClickInterceptedException" message="Element &amp;lt;div class=&amp;quot;action-icon cursor-pointer&amp;quot;&amp;gt; is not clickable at point (1123,583) because another element &amp;lt;div class=&amp;quot;toast-card-style ng-star-inserted&amp;quot;&amp;gt; obscures it
Build info: version: &amp;apos;3.141.59&amp;apos;, revision: &amp;apos;e82be7d358&amp;apos;, time: &amp;apos;2018-11-14T08:17:03&amp;apos;
System info: host: &amp;apos;CHNRENTRAJESH&amp;apos;, ip: &amp;apos;10.202.50.170&amp;apos;, os.name: &amp;apos;Windows 10&amp;apos;, os.arch: &amp;apos;amd64&amp;apos;, os.version: &amp;apos;10.0&amp;apos;, java.version: &amp;apos;17.0.2&amp;apos;
Driver info: org.openqa.selenium.firefox.FirefoxDriver
Capabilities {acceptInsecureCerts: true, browserName: firefox, browserVersion: 100.0.2, javascriptEnabled: true, moz:accessibilityChecks: false, moz:buildID: 20220519220738, moz:geckodriverVersion: 0.31.0, moz:headless: false, moz:processID: 15692, moz:profile: C:\Users\rajesh.su\AppData\..., moz:shutdownTimeout: 60000, moz:useNonSpecCompliantPointerOrigin: false, moz:webdriverClick: true, pageLoadStrategy: normal, platform: WINDOWS, platformName: WINDOWS, platformVersion: 10.0, proxy: Proxy(), setWindowRect: true, strictFileInteractability: false, timeouts: {implicit: 0, pageLoad: 300000, script: 30000}, unhandledPromptBehavior: dismiss and notify}
Session ID: ab494ce6-446c-43ea-ae6a-6cbb560b797b">
      <![CDATA[org.openqa.selenium.ElementClickInterceptedException: Element <div class="action-icon cursor-pointer"> is not clickable at point (1123,583) because another element <div class="toast-card-style ng-star-inserted"> obscures it
Build info: version: '3.141.59', revision: 'e82be7d358', time: '2018-11-14T08:17:03'
System info: host: 'CHNRENTRAJESH', ip: '10.202.50.170', os.name: 'Windows 10', os.arch: 'amd64', os.version: '10.0', java.version: '17.0.2'
Driver info: org.openqa.selenium.firefox.FirefoxDriver
Capabilities {acceptInsecureCerts: true, browserName: firefox, browserVersion: 100.0.2, javascriptEnabled: true, moz:accessibilityChecks: false, moz:buildID: 20220519220738, moz:geckodriverVersion: 0.31.0, moz:headless: false, moz:processID: 15692, moz:profile: C:\Users\rajesh.su\AppData\..., moz:shutdownTimeout: 60000, moz:useNonSpecCompliantPointerOrigin: false, moz:webdriverClick: true, pageLoadStrategy: normal, platform: WINDOWS, platformName: WINDOWS, platformVersion: 10.0, proxy: Proxy(), setWindowRect: true, strictFileInteractability: false, timeouts: {implicit: 0, pageLoad: 300000, script: 30000}, unhandledPromptBehavior: dismiss and notify}
Session ID: ab494ce6-446c-43ea-ae6a-6cbb560b797b
at org.openqa.selenium.remote.http.W3CHttpResponseCodec.createException(W3CHttpResponseCodec.java:187)
at org.openqa.selenium.remote.http.W3CHttpResponseCodec.decode(W3CHttpResponseCodec.java:122)
at org.openqa.selenium.remote.http.W3CHttpResponseCodec.decode(W3CHttpResponseCodec.java:49)
at org.openqa.selenium.remote.HttpCommandExecutor.execute(HttpCommandExecutor.java:158)
at org.openqa.selenium.remote.service.DriverCommandExecutor.execute(DriverCommandExecutor.java:83)
at org.openqa.selenium.remote.RemoteWebDriver.execute(RemoteWebDriver.java:552)
at org.openqa.selenium.remote.RemoteWebElement.execute(RemoteWebElement.java:285)
at org.openqa.selenium.remote.RemoteWebElement.click(RemoteWebElement.java:84)
at org.openqa.selenium.support.pagefactory.internal.LocatingElementHandler.invoke(LocatingElementHandler.java:51)
at jdk.proxy2/jdk.proxy2.$Proxy22.click(Unknown Source)
at pageFactory.SubstancePage.deleteThreshold(SubstancePage.java:708)
at moduleScript.SubstanceTest.addThresHold(SubstanceTest.java:329)
at java.base/java.util.ArrayList.forEach(ArrayList.java:1511)
... Removed 35 stack frames]]>
    </failure>
  </testcase> <!-- addThresHold -->
  <testcase classname="moduleScript.SubstanceTest" name="editSubstance" time="154.238">
    <failure type="org.openqa.selenium.NoSuchElementException" message="Unable to locate element: //div[contains(text(), &amp;apos;Substance Updated!&amp;apos;)]
For documentation on this error, please visit: https://www.seleniumhq.org/exceptions/no_such_element.html
Build info: version: &amp;apos;3.141.59&amp;apos;, revision: &amp;apos;e82be7d358&amp;apos;, time: &amp;apos;2018-11-14T08:17:03&amp;apos;
System info: host: &amp;apos;CHNRENTRAJESH&amp;apos;, ip: &amp;apos;10.202.50.170&amp;apos;, os.name: &amp;apos;Windows 10&amp;apos;, os.arch: &amp;apos;amd64&amp;apos;, os.version: &amp;apos;10.0&amp;apos;, java.version: &amp;apos;17.0.2&amp;apos;
Driver info: org.openqa.selenium.firefox.FirefoxDriver
Capabilities {acceptInsecureCerts: true, browserName: firefox, browserVersion: 100.0.2, javascriptEnabled: true, moz:accessibilityChecks: false, moz:buildID: 20220519220738, moz:geckodriverVersion: 0.31.0, moz:headless: false, moz:processID: 15692, moz:profile: C:\Users\rajesh.su\AppData\..., moz:shutdownTimeout: 60000, moz:useNonSpecCompliantPointerOrigin: false, moz:webdriverClick: true, pageLoadStrategy: normal, platform: WINDOWS, platformName: WINDOWS, platformVersion: 10.0, proxy: Proxy(), setWindowRect: true, strictFileInteractability: false, timeouts: {implicit: 0, pageLoad: 300000, script: 30000}, unhandledPromptBehavior: dismiss and notify}
Session ID: ab494ce6-446c-43ea-ae6a-6cbb560b797b
*** Element info: {Using=xpath, value=//div[contains(text(), &amp;apos;Substance Updated!&amp;apos;)]}">
      <![CDATA[org.openqa.selenium.NoSuchElementException: Unable to locate element: //div[contains(text(), 'Substance Updated!')]
For documentation on this error, please visit: https://www.seleniumhq.org/exceptions/no_such_element.html
Build info: version: '3.141.59', revision: 'e82be7d358', time: '2018-11-14T08:17:03'
System info: host: 'CHNRENTRAJESH', ip: '10.202.50.170', os.name: 'Windows 10', os.arch: 'amd64', os.version: '10.0', java.version: '17.0.2'
Driver info: org.openqa.selenium.firefox.FirefoxDriver
Capabilities {acceptInsecureCerts: true, browserName: firefox, browserVersion: 100.0.2, javascriptEnabled: true, moz:accessibilityChecks: false, moz:buildID: 20220519220738, moz:geckodriverVersion: 0.31.0, moz:headless: false, moz:processID: 15692, moz:profile: C:\Users\rajesh.su\AppData\..., moz:shutdownTimeout: 60000, moz:useNonSpecCompliantPointerOrigin: false, moz:webdriverClick: true, pageLoadStrategy: normal, platform: WINDOWS, platformName: WINDOWS, platformVersion: 10.0, proxy: Proxy(), setWindowRect: true, strictFileInteractability: false, timeouts: {implicit: 0, pageLoad: 300000, script: 30000}, unhandledPromptBehavior: dismiss and notify}
Session ID: ab494ce6-446c-43ea-ae6a-6cbb560b797b
*** Element info: {Using=xpath, value=//div[contains(text(), 'Substance Updated!')]}
at org.openqa.selenium.remote.http.W3CHttpResponseCodec.createException(W3CHttpResponseCodec.java:187)
at org.openqa.selenium.remote.http.W3CHttpResponseCodec.decode(W3CHttpResponseCodec.java:122)
at org.openqa.selenium.remote.http.W3CHttpResponseCodec.decode(W3CHttpResponseCodec.java:49)
at org.openqa.selenium.remote.HttpCommandExecutor.execute(HttpCommandExecutor.java:158)
at org.openqa.selenium.remote.service.DriverCommandExecutor.execute(DriverCommandExecutor.java:83)
at org.openqa.selenium.remote.RemoteWebDriver.execute(RemoteWebDriver.java:552)
at org.openqa.selenium.remote.RemoteWebDriver.findElement(RemoteWebDriver.java:323)
at org.openqa.selenium.remote.RemoteWebDriver.findElementByXPath(RemoteWebDriver.java:428)
at org.openqa.selenium.By$ByXPath.findElement(By.java:353)
at org.openqa.selenium.remote.RemoteWebDriver.findElement(RemoteWebDriver.java:315)
at org.openqa.selenium.support.pagefactory.DefaultElementLocator.findElement(DefaultElementLocator.java:69)
at org.openqa.selenium.support.pagefactory.internal.LocatingElementHandler.invoke(LocatingElementHandler.java:38)
at jdk.proxy2/jdk.proxy2.$Proxy22.isDisplayed(Unknown Source)
at pageFactory.SubstancePage.confirmToast(SubstancePage.java:872)
at moduleScript.SubstanceTest.editSubstance(SubstanceTest.java:235)
at java.base/java.util.ArrayList.forEach(ArrayList.java:1511)
... Removed 32 stack frames]]>
    </failure>
  </testcase> <!-- editSubstance -->
  <testcase classname="moduleScript.SubstanceTest" name="addThresHoldwithoutFillingMandatoryFields" time="0.0">
    <ignored/>
  </testcase> <!-- addThresHoldwithoutFillingMandatoryFields -->
  <testcase classname="moduleScript.SubstanceTest" name="filter" time="0.0">
    <ignored/>
  </testcase> <!-- filter -->
  <testcase classname="moduleScript.SubstanceTest" name="DTV4_442" time="0.0">
    <ignored/>
  </testcase> <!-- DTV4_442 -->
  <testcase classname="moduleScript.SubstanceTest" name="sort" time="0.0">
    <ignored/>
  </testcase> <!-- sort -->
  <testcase classname="moduleScript.SubstanceTest" name="addSubstanceswithValidData" time="0.0">
    <ignored/>
  </testcase> <!-- addSubstanceswithValidData -->
  <testcase classname="moduleScript.SubstanceTest" name="addSubstancesWithoutMandatoryFields" time="0.0">
    <ignored/>
  </testcase> <!-- addSubstancesWithoutMandatoryFields -->
  <testcase classname="moduleScript.SubstanceTest" name="verifyLanding" time="0.0">
    <ignored/>
  </testcase> <!-- verifyLanding -->
</testsuite> <!-- FirefoxTest(failed) -->
