<?xml version="1.0" encoding="UTF-8"?>
<!-- Generated by org.testng.reporters.JUnitXMLReporter -->
<testsuite ignored="8" hostname="CHNRENTRAJESH" failures="0" tests="0" time="1.776" errors="0" timestamp="2022-10-06T16:45:07 IST">
  <testcase classname="moduleScript.TestCasesTest" name="verifyLanding" time="0.0">
    <ignored/>
  </testcase> <!-- verifyLanding -->
  <testcase classname="moduleScript.TestCasesTest" name="createWithoutFillingMandatoryFields" time="0.0">
    <ignored/>
  </testcase> <!-- createWithoutFillingMandatoryFields -->
  <testcase classname="moduleScript.TestCasesTest" name="DTV4_174" time="0.0">
    <ignored/>
  </testcase> <!-- DTV4_174 -->
  <testcase classname="moduleScript.TestCasesTest" name="sort" time="0.0">
    <ignored/>
  </testcase> <!-- sort -->
  <testcase classname="moduleScript.TestCasesTest" name="DTV4_154" time="0.0">
    <ignored/>
  </testcase> <!-- DTV4_154 -->
  <testcase classname="moduleScript.TestCasesTest" name="createTestcase" time="0.0">
    <ignored/>
  </testcase> <!-- createTestcase -->
  <testcase classname="moduleScript.TestCasesTest" name="filter" time="0.0">
    <ignored/>
  </testcase> <!-- filter -->
  <testcase classname="moduleScript.TestCasesTest" name="DTV4_151" time="0.0">
    <ignored/>
  </testcase> <!-- DTV4_151 -->
</testsuite>
