<?xml version="1.0" encoding="UTF-8"?>
<testng-results ignored="0" total="2" passed="2" failed="0" skipped="0">
  <reporter-output>
  </reporter-output>
  <suite started-at="2022-11-16T18:30:10 IST" name="Suite" finished-at="2022-11-16T18:30:17 IST" duration-ms="6908">
    <groups>
    </groups>
    <test started-at="2022-11-16T18:30:10 IST" name="Test" finished-at="2022-11-16T18:30:17 IST" duration-ms="6908">
      <class name="moduleScript.GoogleTest">
        <test-method is-config="true" signature="init()[pri:0, instance:moduleScript.GoogleTest@4b213651]" started-at="2022-11-16T18:30:10 IST" name="init" finished-at="2022-11-16T18:30:12 IST" duration-ms="1700" status="PASS">
          <reporter-output>
          </reporter-output>
        </test-method> <!-- init -->
        <test-method signature="google(java.util.HashMap)[pri:1, instance:moduleScript.GoogleTest@4b213651]" started-at="2022-11-16T18:30:12 IST" name="google" data-provider="getdata" finished-at="2022-11-16T18:30:13 IST" duration-ms="977" status="PASS">
          <params>
            <param index="0">
              <value>
                <![CDATA[{SubstanceName=, SampleName=, EntitiesName=, EntitiesTestHistory=, SearchAuditLog=, URL=https://www.google.co.in/, Test Case Name=google, ResultName=, Username=, RegimeName=, SubstanceShortName=, Password=}]]>
              </value>
            </param>
          </params>
          <reporter-output>
          </reporter-output>
        </test-method> <!-- google -->
        <test-method is-config="true" signature="takeScreenShotOnFailures(org.testng.ITestResult)[pri:0, instance:moduleScript.GoogleTest@4b213651]" started-at="2022-11-16T18:30:13 IST" name="takeScreenShotOnFailures" finished-at="2022-11-16T18:30:13 IST" duration-ms="2" status="PASS">
          <params>
            <param index="0">
              <value>
                <![CDATA[[TestResult name=google status=SUCCESS method=GoogleTest.google(java.util.HashMap)[pri:1, instance:moduleScript.GoogleTest@4b213651] output={null}]]]>
              </value>
            </param>
          </params>
          <reporter-output>
          </reporter-output>
        </test-method> <!-- takeScreenShotOnFailures -->
        <test-method signature="googleURL(java.util.HashMap)[pri:2, instance:moduleScript.GoogleTest@4b213651]" started-at="2022-11-16T18:30:13 IST" name="googleURL" data-provider="getdata" finished-at="2022-11-16T18:30:14 IST" duration-ms="402" status="PASS">
          <params>
            <param index="0">
              <value>
                <![CDATA[{SubstanceName=, SampleName=, EntitiesName=, EntitiesTestHistory=, SearchAuditLog=, URL=https://www.google.co.in/, Test Case Name=googleURL, ResultName=, Username=, RegimeName=, SubstanceShortName=, Password=}]]>
              </value>
            </param>
          </params>
          <reporter-output>
          </reporter-output>
        </test-method> <!-- googleURL -->
        <test-method is-config="true" signature="takeScreenShotOnFailures(org.testng.ITestResult)[pri:0, instance:moduleScript.GoogleTest@4b213651]" started-at="2022-11-16T18:30:14 IST" name="takeScreenShotOnFailures" finished-at="2022-11-16T18:30:14 IST" duration-ms="0" status="PASS">
          <params>
            <param index="0">
              <value>
                <![CDATA[[TestResult name=googleURL status=SUCCESS method=GoogleTest.googleURL(java.util.HashMap)[pri:2, instance:moduleScript.GoogleTest@4b213651] output={null}]]]>
              </value>
            </param>
          </params>
          <reporter-output>
          </reporter-output>
        </test-method> <!-- takeScreenShotOnFailures -->
        <test-method is-config="true" signature="tearDown()[pri:0, instance:moduleScript.GoogleTest@4b213651]" started-at="2022-11-16T18:30:14 IST" name="tearDown" finished-at="2022-11-16T18:30:17 IST" duration-ms="3143" status="PASS">
          <reporter-output>
          </reporter-output>
        </test-method> <!-- tearDown -->
      </class> <!-- moduleScript.GoogleTest -->
    </test> <!-- Test -->
  </suite> <!-- Suite -->
</testng-results>
