<?xml version="1.0" encoding="UTF-8"?>
<!-- Generated by org.testng.reporters.JUnitXMLReporter -->
<testsuite ignored="9" hostname="CHNRENTRAJESH" failures="0" tests="1" name="Tests(failed)(failed)(failed)(failed)(failed)(failed)(failed)(failed)" time="71.231" errors="0" timestamp="2022-06-01T16:22:22 IST">
  <testcase classname="moduleScript.SubstanceTest" name="addThresHold" time="61.117"/>
  <testcase classname="moduleScript.SubstanceTest" name="editSubstance" time="0.0">
    <ignored/>
  </testcase> <!-- editSubstance -->
  <testcase classname="moduleScript.SubstanceTest" name="addThresHoldwithoutFillingMandatoryFields" time="0.0">
    <ignored/>
  </testcase> <!-- addThresHoldwithoutFillingMandatoryFields -->
  <testcase classname="moduleScript.SubstanceTest" name="filter" time="0.0">
    <ignored/>
  </testcase> <!-- filter -->
  <testcase classname="moduleScript.SubstanceTest" name="DTV4_442" time="0.0">
    <ignored/>
  </testcase> <!-- DTV4_442 -->
  <testcase classname="moduleScript.SubstanceTest" name="statusChange" time="0.0">
    <ignored/>
  </testcase> <!-- statusChange -->
  <testcase classname="moduleScript.SubstanceTest" name="sort" time="0.0">
    <ignored/>
  </testcase> <!-- sort -->
  <testcase classname="moduleScript.SubstanceTest" name="addSubstanceswithValidData" time="0.0">
    <ignored/>
  </testcase> <!-- addSubstanceswithValidData -->
  <testcase classname="moduleScript.SubstanceTest" name="addSubstancesWithoutMandatoryFields" time="0.0">
    <ignored/>
  </testcase> <!-- addSubstancesWithoutMandatoryFields -->
  <testcase classname="moduleScript.SubstanceTest" name="verifyLanding" time="0.0">
    <ignored/>
  </testcase> <!-- verifyLanding -->
</testsuite> <!-- Tests(failed)(failed)(failed)(failed)(failed)(failed)(failed)(failed) -->
