<?xml version="1.0" encoding="UTF-8"?>
<!-- Generated by org.testng.reporters.JUnitXMLReporter -->
<testsuite ignored="18" hostname="CHNRENTRAJESH" failures="0" tests="1" name="Test(failed)(failed)(failed)" time="31.089" errors="0" timestamp="2022-10-07T03:26:17 IST">
  <testcase classname="moduleScript.EntitiesTest" name="sortTestHistory" time="26.718"/>
  <testcase classname="moduleScript.EntitiesTest" name="DTV4_570" time="0.0">
    <ignored/>
  </testcase> <!-- DTV4_570 -->
  <testcase classname="moduleScript.EntitiesTest" name="verifyLanding" time="0.0">
    <ignored/>
  </testcase> <!-- verifyLanding -->
  <testcase classname="moduleScript.EntitiesTest" name="DTV4_4083" time="0.0">
    <ignored/>
  </testcase> <!-- DTV4_4083 -->
  <testcase classname="moduleScript.EntitiesTest" name="DTV4_4086" time="0.0">
    <ignored/>
  </testcase> <!-- DTV4_4086 -->
  <testcase classname="moduleScript.EntitiesTest" name="DTV4_4430" time="0.0">
    <ignored/>
  </testcase> <!-- DTV4_4430 -->
  <testcase classname="moduleScript.EntitiesTest" name="searchTestHistory" time="0.0">
    <ignored/>
  </testcase> <!-- searchTestHistory -->
  <testcase classname="moduleScript.EntitiesTest" name="search" time="0.0">
    <ignored/>
  </testcase> <!-- search -->
  <testcase classname="moduleScript.EntitiesTest" name="DTV4_4082" time="0.0">
    <ignored/>
  </testcase> <!-- DTV4_4082 -->
  <testcase classname="moduleScript.EntitiesTest" name="DTV4_209" time="0.0">
    <ignored/>
  </testcase> <!-- DTV4_209 -->
  <testcase classname="moduleScript.EntitiesTest" name="entitytoResult" time="0.0">
    <ignored/>
  </testcase> <!-- entitytoResult -->
  <testcase classname="moduleScript.EntitiesTest" name="filterTestHistory" time="0.0">
    <ignored/>
  </testcase> <!-- filterTestHistory -->
  <testcase classname="moduleScript.EntitiesTest" name="resultsExport" time="0.0">
    <ignored/>
  </testcase> <!-- resultsExport -->
  <testcase classname="moduleScript.EntitiesTest" name="filterEntities" time="0.0">
    <ignored/>
  </testcase> <!-- filterEntities -->
  <testcase classname="moduleScript.EntitiesTest" name="sort" time="0.0">
    <ignored/>
  </testcase> <!-- sort -->
  <testcase classname="moduleScript.EntitiesTest" name="createFinding" time="0.0">
    <ignored/>
  </testcase> <!-- createFinding -->
  <testcase classname="moduleScript.EntitiesTest" name="DTV4_57" time="0.0">
    <ignored/>
  </testcase> <!-- DTV4_57 -->
  <testcase classname="moduleScript.EntitiesTest" name="DTV4_442" time="0.0">
    <ignored/>
  </testcase> <!-- DTV4_442 -->
  <testcase classname="moduleScript.EntitiesTest" name="searchAuditLog" time="0.0">
    <ignored/>
  </testcase> <!-- searchAuditLog -->
</testsuite> <!-- Test(failed)(failed)(failed) -->
